mode: count
github.com/benjamin658/influx-query-cursor/query_builder.go:48.25,53.2 1 10
github.com/benjamin658/influx-query-cursor/query_builder.go:55.54,58.2 2 10
github.com/benjamin658/influx-query-cursor/query_builder.go:60.55,63.2 2 10
github.com/benjamin658/influx-query-cursor/query_builder.go:65.78,68.2 2 4
github.com/benjamin658/influx-query-cursor/query_builder.go:70.76,73.2 2 2
github.com/benjamin658/influx-query-cursor/query_builder.go:75.75,78.2 2 2
github.com/benjamin658/influx-query-cursor/query_builder.go:80.51,83.2 2 1
github.com/benjamin658/influx-query-cursor/query_builder.go:85.53,88.2 2 1
github.com/benjamin658/influx-query-cursor/query_builder.go:90.47,93.2 2 1
github.com/benjamin658/influx-query-cursor/query_builder.go:95.49,98.2 2 1
github.com/benjamin658/influx-query-cursor/query_builder.go:100.37,103.2 2 1
github.com/benjamin658/influx-query-cursor/query_builder.go:105.36,108.2 2 0
github.com/benjamin658/influx-query-cursor/query_builder.go:110.32,123.2 10 10
github.com/benjamin658/influx-query-cursor/query_builder.go:127.38,131.24 3 10
github.com/benjamin658/influx-query-cursor/query_builder.go:139.2,139.61 1 10
github.com/benjamin658/influx-query-cursor/query_builder.go:131.24,132.47 1 20
github.com/benjamin658/influx-query-cursor/query_builder.go:132.47,134.4 1 2
github.com/benjamin658/influx-query-cursor/query_builder.go:134.9,136.4 1 18
github.com/benjamin658/influx-query-cursor/query_builder.go:142.36,144.2 1 10
github.com/benjamin658/influx-query-cursor/query_builder.go:146.37,149.24 2 10
github.com/benjamin658/influx-query-cursor/query_builder.go:186.2,186.24 1 10
github.com/benjamin658/influx-query-cursor/query_builder.go:149.24,159.19 8 4
github.com/benjamin658/influx-query-cursor/query_builder.go:171.3,171.18 1 4
github.com/benjamin658/influx-query-cursor/query_builder.go:183.3,183.26 1 4
github.com/benjamin658/influx-query-cursor/query_builder.go:159.19,161.30 2 2
github.com/benjamin658/influx-query-cursor/query_builder.go:167.4,168.27 2 2
github.com/benjamin658/influx-query-cursor/query_builder.go:161.30,166.5 1 2
github.com/benjamin658/influx-query-cursor/query_builder.go:171.18,173.29 2 2
github.com/benjamin658/influx-query-cursor/query_builder.go:179.4,180.27 2 2
github.com/benjamin658/influx-query-cursor/query_builder.go:173.29,178.5 1 2
github.com/benjamin658/influx-query-cursor/query_builder.go:189.39,192.21 2 10
github.com/benjamin658/influx-query-cursor/query_builder.go:200.2,200.24 1 10
github.com/benjamin658/influx-query-cursor/query_builder.go:192.21,198.3 2 1
github.com/benjamin658/influx-query-cursor/query_builder.go:203.36,206.19 2 10
github.com/benjamin658/influx-query-cursor/query_builder.go:214.2,214.24 1 10
github.com/benjamin658/influx-query-cursor/query_builder.go:206.19,212.3 2 1
github.com/benjamin658/influx-query-cursor/query_builder.go:217.37,220.19 2 10
github.com/benjamin658/influx-query-cursor/query_builder.go:228.2,228.24 1 10
github.com/benjamin658/influx-query-cursor/query_builder.go:220.19,226.3 2 1
github.com/benjamin658/influx-query-cursor/query_builder.go:231.37,234.19 2 10
github.com/benjamin658/influx-query-cursor/query_builder.go:242.2,242.24 1 10
github.com/benjamin658/influx-query-cursor/query_builder.go:234.19,240.3 2 1
github.com/benjamin658/influx-query-cursor/query_builder.go:245.38,248.20 2 10
github.com/benjamin658/influx-query-cursor/query_builder.go:256.2,256.24 1 10
github.com/benjamin658/influx-query-cursor/query_builder.go:248.20,254.3 2 1
